<?xml version="1.0" encoding="UTF-8"?>
<testsuite name="Test suite"
           tests="12"
           failures="2"
           errors="0"
           skipped="0"
           time="93.311">
  <properties />
            <testcase name="verifyBestSellersProductsArrangeByRates" time="5.362" classname="com.xcart.mobile.testsuite.TestSuite">
                <failure type="java.lang.AssertionError"
                  message="Lists differ at element [0]: — 4 !=  expected [— 4] but found []"
              >
<![CDATA[java.lang.AssertionError: Lists differ at element [0]: — 4 !=  expected [— 4] but found []
  org.testng.Assert.fail(Assert.java:96)
  org.testng.Assert.failNotEquals(Assert.java:776)
  org.testng.Assert.assertEqualsImpl(Assert.java:137)
  org.testng.Assert.assertEquals(Assert.java:831)
  org.testng.Assert.assertEquals(Assert.java:796)
  com.xcart.mobile.testsuite.TestSuite.verifyBestSellersProductsArrangeByRates(TestSuite.java:217)
  sun.reflect.NativeMethodAccessorImpl.invoke0(Native Method)
  sun.reflect.NativeMethodAccessorImpl.invoke(NativeMethodAccessorImpl.java:62)
  sun.reflect.DelegatingMethodAccessorImpl.invoke(DelegatingMethodAccessorImpl.java:43)
  java.lang.reflect.Method.invoke(Method.java:498)
  org.testng.internal.MethodInvocationHelper.invokeMethod(MethodInvocationHelper.java:124)
  org.testng.internal.Invoker.invokeMethod(Invoker.java:583)
  org.testng.internal.Invoker.invokeTestMethod(Invoker.java:719)
  org.testng.internal.Invoker.invokeTestMethods(Invoker.java:989)
  org.testng.internal.TestMethodWorker.invokeTestMethods(TestMethodWorker.java:125)
  org.testng.internal.TestMethodWorker.run(TestMethodWorker.java:109)
  org.testng.TestRunner.privateRun(TestRunner.java:648)
  org.testng.TestRunner.run(TestRunner.java:505)
  org.testng.SuiteRunner.runTest(SuiteRunner.java:455)
  org.testng.SuiteRunner.runSequentially(SuiteRunner.java:450)
  org.testng.SuiteRunner.privateRun(SuiteRunner.java:415)
  org.testng.SuiteRunner.run(SuiteRunner.java:364)
  org.testng.SuiteRunnerWorker.runSuite(SuiteRunnerWorker.java:52)
  org.testng.SuiteRunnerWorker.run(SuiteRunnerWorker.java:84)
  org.testng.TestNG.runSuitesSequentially(TestNG.java:1208)
  org.testng.TestNG.runSuitesLocally(TestNG.java:1137)
  org.testng.TestNG.runSuites(TestNG.java:1049)
  org.testng.TestNG.run(TestNG.java:1017)
  com.intellij.rt.testng.IDEARemoteTestNG.run(IDEARemoteTestNG.java:66)
  com.intellij.rt.testng.RemoteTestNGStarter.main(RemoteTestNGStarter.java:109)
]]>
      </failure>

          </testcase>
            <testcase name="verifyBestSellersProductsPriceArrangeHighToLow" time="9.602" classname="com.xcart.mobile.testsuite.TestSuite">
                <failure type="java.lang.AssertionError"
                  message="Lists differ at element [0]: $299.99 != $99.00 expected [$299.99] but found [$99.00]"
              >
<![CDATA[java.lang.AssertionError: Lists differ at element [0]: $299.99 != $99.00 expected [$299.99] but found [$99.00]
  org.testng.Assert.fail(Assert.java:96)
  org.testng.Assert.failNotEquals(Assert.java:776)
  org.testng.Assert.assertEqualsImpl(Assert.java:137)
  org.testng.Assert.assertEquals(Assert.java:831)
  org.testng.Assert.assertEquals(Assert.java:796)
  com.xcart.mobile.testsuite.TestSuite.verifyBestSellersProductsPriceArrangeHighToLow(TestSuite.java:191)
  sun.reflect.NativeMethodAccessorImpl.invoke0(Native Method)
  sun.reflect.NativeMethodAccessorImpl.invoke(NativeMethodAccessorImpl.java:62)
  sun.reflect.DelegatingMethodAccessorImpl.invoke(DelegatingMethodAccessorImpl.java:43)
  java.lang.reflect.Method.invoke(Method.java:498)
  org.testng.internal.MethodInvocationHelper.invokeMethod(MethodInvocationHelper.java:124)
  org.testng.internal.Invoker.invokeMethod(Invoker.java:583)
  org.testng.internal.Invoker.invokeTestMethod(Invoker.java:719)
  org.testng.internal.Invoker.invokeTestMethods(Invoker.java:989)
  org.testng.internal.TestMethodWorker.invokeTestMethods(TestMethodWorker.java:125)
  org.testng.internal.TestMethodWorker.run(TestMethodWorker.java:109)
  org.testng.TestRunner.privateRun(TestRunner.java:648)
  org.testng.TestRunner.run(TestRunner.java:505)
  org.testng.SuiteRunner.runTest(SuiteRunner.java:455)
  org.testng.SuiteRunner.runSequentially(SuiteRunner.java:450)
  org.testng.SuiteRunner.privateRun(SuiteRunner.java:415)
  org.testng.SuiteRunner.run(SuiteRunner.java:364)
  org.testng.SuiteRunnerWorker.runSuite(SuiteRunnerWorker.java:52)
  org.testng.SuiteRunnerWorker.run(SuiteRunnerWorker.java:84)
  org.testng.TestNG.runSuitesSequentially(TestNG.java:1208)
  org.testng.TestNG.runSuitesLocally(TestNG.java:1137)
  org.testng.TestNG.runSuites(TestNG.java:1049)
  org.testng.TestNG.run(TestNG.java:1017)
  com.intellij.rt.testng.IDEARemoteTestNG.run(IDEARemoteTestNG.java:66)
  com.intellij.rt.testng.RemoteTestNGStarter.main(RemoteTestNGStarter.java:109)
]]>
      </failure>

          </testcase>
  
  
            <testcase name="verifyThatUserShouldPlaceOrderSuccessfullyForAvengersFabrikationsPlush" time="34.893" classname="com.xcart.mobile.testsuite.TestSuite" />
                <testcase name="verifySaleProductsArrangeByRates" time="4.090" classname="com.xcart.mobile.testsuite.TestSuite" />
                <testcase name="verifySaleProductsArrangeAlphabetically" time="4.181" classname="com.xcart.mobile.testsuite.TestSuite" />
                <testcase name="verifyUserShouldNavigateToContactUsPageSuccessfully" time="1.927" classname="com.xcart.mobile.testsuite.TestSuite" />
                <testcase name="verifyThatUserShouldClearShoppingCartSuccessfully" time="12.061" classname="com.xcart.mobile.testsuite.TestSuite" />
                <testcase name="verifyUserShouldNavigateToComingSoonPageSuccessfully" time="2.889" classname="com.xcart.mobile.testsuite.TestSuite" />
                <testcase name="verifyUserShouldNavigateToShippingPageSuccessfully" time="4.813" classname="com.xcart.mobile.testsuite.TestSuite" />
                <testcase name="verifyUserShouldNavigateToNewPageSuccessfully" time="2.420" classname="com.xcart.mobile.testsuite.TestSuite" />
                <testcase name="verifyBestSellersProductsArrangeByZToA" time="7.827" classname="com.xcart.mobile.testsuite.TestSuite" />
                <testcase name="verifySaleProductsPriceArrangeLowToHigh" time="3.246" classname="com.xcart.mobile.testsuite.TestSuite" />
      
</testsuite>
